Build started 3/17/2016 1:01:09 PM.
     1>Project "D:\Dropbox\projects\research\AOS\src\aos_sln.vcxproj" on node 2 (Build target(s)).
     1>ClCompile:
         C:\Program Files (x86)\Microsoft Visual Studio 14.0\VC\bin\CL.exe /c /ZI /nologo /W3 /WX- /sdl /Od /Oy- /D WIN32 /D _DEBUG /D _CONSOLE /D _UNICODE /D UNICODE /Gm /EHsc /RTC1 /MDd /GS /fp:precise /Zc:wchar_t /Zc:forScope /Zc:inline /Fo"Debug\\" /Fd"Debug\vc140.pdb" /Gd /TP /analyze- /errorReport:prompt Vector.cpp
         Vector.cpp
       Link:
         C:\Program Files (x86)\Microsoft Visual Studio 14.0\VC\bin\link.exe /ERRORREPORT:PROMPT /OUT:"D:\Dropbox\projects\research\AOS\src\Debug\aos_sln.exe" /INCREMENTAL /NOLOGO kernel32.lib user32.lib gdi32.lib winspool.lib comdlg32.lib advapi32.lib shell32.lib ole32.lib oleaut32.lib uuid.lib odbc32.lib odbccp32.lib /MANIFEST /MANIFESTUAC:"level='asInvoker' uiAccess='false'" /manifest:embed /Debug /PDB:"D:\Dropbox\projects\research\AOS\src\Debug\aos_sln.pdb" /SUBSYSTEM:CONSOLE /TLBID:1 /DYNAMICBASE /NXCOMPAT /IMPLIB:"D:\Dropbox\projects\research\AOS\src\Debug\aos_sln.lib" /MACHINE:X86 Debug\Data.obj
         Debug\Experiment.obj
         Debug\Model.obj
         Debug\ModelAROMA.obj
         Debug\ModelAROMAD.obj
         Debug\ModelCWS.obj
         Debug\ModelCWSD.obj
         Debug\ModelOASIS.obj
         Debug\Parameter.obj
         Debug\Result.obj
         Debug\Start.obj
         Debug\Vector.obj
         aos_sln.vcxproj -> D:\Dropbox\projects\research\AOS\src\Debug\aos_sln.exe
     1>Done Building Project "D:\Dropbox\projects\research\AOS\src\aos_sln.vcxproj" (Build target(s)).

Build succeeded.

Time Elapsed 00:00:03.38
